2026-02-25 10:31:51,154 - DEBUG - python_multipart.multipart - Calling on_part_begin with no data
2026-02-25 10:31:51,157 - DEBUG - python_multipart.multipart - Calling on_header_field with data[42:61]
2026-02-25 10:31:51,158 - DEBUG - python_multipart.multipart - Calling on_header_value with data[63:85]
2026-02-25 10:31:51,159 - DEBUG - python_multipart.multipart - Calling on_header_end with no data
2026-02-25 10:31:51,159 - DEBUG - python_multipart.multipart - Calling on_headers_finished with no data
2026-02-25 10:31:51,161 - DEBUG - python_multipart.multipart - Calling on_part_data with data[89:95]
2026-02-25 10:31:51,161 - DEBUG - python_multipart.multipart - Calling on_part_end with no data
2026-02-25 10:31:51,162 - DEBUG - python_multipart.multipart - Calling on_part_begin with no data
2026-02-25 10:31:51,164 - DEBUG - python_multipart.multipart - Calling on_header_field with data[139:158]
2026-02-25 10:31:51,165 - DEBUG - python_multipart.multipart - Calling on_header_value with data[160:218]
2026-02-25 10:31:51,165 - DEBUG - python_multipart.multipart - Calling on_header_end with no data
2026-02-25 10:31:51,166 - DEBUG - python_multipart.multipart - Calling on_header_field with data[220:232]
2026-02-25 10:31:51,166 - DEBUG - python_multipart.multipart - Calling on_header_value with data[234:249]
2026-02-25 10:31:51,168 - DEBUG - python_multipart.multipart - Calling on_header_end with no data
2026-02-25 10:31:51,168 - DEBUG - python_multipart.multipart - Calling on_headers_finished with no data
2026-02-25 10:31:51,170 - DEBUG - python_multipart.multipart - Calling on_part_data with data[253:49152]
2026-02-25 10:31:51,171 - DEBUG - python_multipart.multipart - Calling on_part_data with data[0:49120]
2026-02-25 10:31:51,172 - DEBUG - python_multipart.multipart - Calling on_part_end with no data
2026-02-25 10:31:51,173 - DEBUG - python_multipart.multipart - Calling on_end with no data
2026-02-25 10:31:51,442 - ERROR - app - AttributeError at E:\Backend developer\fastpisetup\app\routes\user\user_routes\v1\routes.py:24 : 'function' object has no attribute 'apply_async'
2026-02-25 10:32:10,079 - DEBUG - httpcore.connection - close.started
2026-02-25 10:32:10,081 - DEBUG - httpcore.connection - close.complete
2026-02-25 10:33:06,905 - DEBUG - python_multipart.multipart - Calling on_part_begin with no data
2026-02-25 10:33:06,906 - DEBUG - python_multipart.multipart - Calling on_header_field with data[42:61]
2026-02-25 10:33:06,907 - DEBUG - python_multipart.multipart - Calling on_header_value with data[63:85]
2026-02-25 10:33:06,907 - DEBUG - python_multipart.multipart - Calling on_header_end with no data
2026-02-25 10:33:06,908 - DEBUG - python_multipart.multipart - Calling on_headers_finished with no data
2026-02-25 10:33:06,908 - DEBUG - python_multipart.multipart - Calling on_part_data with data[89:95]
2026-02-25 10:33:06,909 - DEBUG - python_multipart.multipart - Calling on_part_end with no data
2026-02-25 10:33:06,910 - DEBUG - python_multipart.multipart - Calling on_part_begin with no data
2026-02-25 10:33:06,911 - DEBUG - python_multipart.multipart - Calling on_header_field with data[139:158]
2026-02-25 10:33:06,911 - DEBUG - python_multipart.multipart - Calling on_header_value with data[160:218]
2026-02-25 10:33:06,912 - DEBUG - python_multipart.multipart - Calling on_header_end with no data
2026-02-25 10:33:06,913 - DEBUG - python_multipart.multipart - Calling on_header_field with data[220:232]
2026-02-25 10:33:06,913 - DEBUG - python_multipart.multipart - Calling on_header_value with data[234:249]
2026-02-25 10:33:06,914 - DEBUG - python_multipart.multipart - Calling on_header_end with no data
2026-02-25 10:33:06,915 - DEBUG - python_multipart.multipart - Calling on_headers_finished with no data
2026-02-25 10:33:06,916 - DEBUG - python_multipart.multipart - Calling on_part_data with data[253:98272]
2026-02-25 10:33:06,917 - DEBUG - python_multipart.multipart - Calling on_part_end with no data
2026-02-25 10:33:06,919 - DEBUG - python_multipart.multipart - Calling on_end with no data
2026-02-25 10:33:06,932 - ERROR - app - AttributeError at E:\Backend developer\fastpisetup\app\routes\user\user_routes\v1\routes.py:24 : 'function' object has no attribute 'apply_async'
2026-02-25 10:34:02,573 - DEBUG - python_multipart.multipart - Calling on_part_begin with no data
2026-02-25 10:34:02,574 - DEBUG - python_multipart.multipart - Calling on_header_field with data[42:61]
2026-02-25 10:34:02,574 - DEBUG - python_multipart.multipart - Calling on_header_value with data[63:85]
2026-02-25 10:34:02,575 - DEBUG - python_multipart.multipart - Calling on_header_end with no data
2026-02-25 10:34:02,576 - DEBUG - python_multipart.multipart - Calling on_headers_finished with no data
2026-02-25 10:34:02,576 - DEBUG - python_multipart.multipart - Calling on_part_data with data[89:95]
2026-02-25 10:34:02,577 - DEBUG - python_multipart.multipart - Calling on_part_end with no data
2026-02-25 10:34:02,578 - DEBUG - python_multipart.multipart - Calling on_part_begin with no data
2026-02-25 10:34:02,580 - DEBUG - python_multipart.multipart - Calling on_header_field with data[139:158]
2026-02-25 10:34:02,582 - DEBUG - python_multipart.multipart - Calling on_header_value with data[160:218]
2026-02-25 10:34:02,584 - DEBUG - python_multipart.multipart - Calling on_header_end with no data
2026-02-25 10:34:02,585 - DEBUG - python_multipart.multipart - Calling on_header_field with data[220:232]
2026-02-25 10:34:02,586 - DEBUG - python_multipart.multipart - Calling on_header_value with data[234:249]
2026-02-25 10:34:02,587 - DEBUG - python_multipart.multipart - Calling on_header_end with no data
2026-02-25 10:34:02,588 - DEBUG - python_multipart.multipart - Calling on_headers_finished with no data
2026-02-25 10:34:02,589 - DEBUG - python_multipart.multipart - Calling on_part_data with data[253:98272]
2026-02-25 10:34:02,590 - DEBUG - python_multipart.multipart - Calling on_part_end with no data
2026-02-25 10:34:02,591 - DEBUG - python_multipart.multipart - Calling on_end with no data
2026-02-25 10:34:02,629 - DEBUG - celery.utils.functional - 
def analyse_pdf_task(self, payload):
    return 1

2026-02-25 10:39:50,887 - DEBUG - python_multipart.multipart - Calling on_part_begin with no data
2026-02-25 10:39:50,888 - DEBUG - python_multipart.multipart - Calling on_header_field with data[42:61]
2026-02-25 10:39:50,889 - DEBUG - python_multipart.multipart - Calling on_header_value with data[63:85]
2026-02-25 10:39:50,890 - DEBUG - python_multipart.multipart - Calling on_header_end with no data
2026-02-25 10:39:50,890 - DEBUG - python_multipart.multipart - Calling on_headers_finished with no data
2026-02-25 10:39:50,891 - DEBUG - python_multipart.multipart - Calling on_part_data with data[89:95]
2026-02-25 10:39:50,892 - DEBUG - python_multipart.multipart - Calling on_part_end with no data
2026-02-25 10:39:50,893 - DEBUG - python_multipart.multipart - Calling on_part_begin with no data
2026-02-25 10:39:50,894 - DEBUG - python_multipart.multipart - Calling on_header_field with data[139:158]
2026-02-25 10:39:50,895 - DEBUG - python_multipart.multipart - Calling on_header_value with data[160:218]
2026-02-25 10:39:50,896 - DEBUG - python_multipart.multipart - Calling on_header_end with no data
2026-02-25 10:39:50,897 - DEBUG - python_multipart.multipart - Calling on_header_field with data[220:232]
2026-02-25 10:39:50,898 - DEBUG - python_multipart.multipart - Calling on_header_value with data[234:249]
2026-02-25 10:39:50,898 - DEBUG - python_multipart.multipart - Calling on_header_end with no data
2026-02-25 10:39:50,899 - DEBUG - python_multipart.multipart - Calling on_headers_finished with no data
2026-02-25 10:39:50,900 - DEBUG - python_multipart.multipart - Calling on_part_data with data[253:98272]
2026-02-25 10:39:50,901 - DEBUG - python_multipart.multipart - Calling on_part_end with no data
2026-02-25 10:39:50,902 - DEBUG - python_multipart.multipart - Calling on_end with no data
2026-02-25 10:39:50,922 - DEBUG - celery.utils.functional - 
def analyse_pdf_task(self, payload):
    return 1

2026-02-25 10:44:15,734 - DEBUG - python_multipart.multipart - Calling on_part_begin with no data
2026-02-25 10:44:15,735 - DEBUG - python_multipart.multipart - Calling on_header_field with data[42:61]
2026-02-25 10:44:15,736 - DEBUG - python_multipart.multipart - Calling on_header_value with data[63:85]
2026-02-25 10:44:15,736 - DEBUG - python_multipart.multipart - Calling on_header_end with no data
2026-02-25 10:44:15,737 - DEBUG - python_multipart.multipart - Calling on_headers_finished with no data
2026-02-25 10:44:15,738 - DEBUG - python_multipart.multipart - Calling on_part_data with data[89:95]
2026-02-25 10:44:15,738 - DEBUG - python_multipart.multipart - Calling on_part_end with no data
2026-02-25 10:44:15,739 - DEBUG - python_multipart.multipart - Calling on_part_begin with no data
2026-02-25 10:44:15,740 - DEBUG - python_multipart.multipart - Calling on_header_field with data[139:158]
2026-02-25 10:44:15,741 - DEBUG - python_multipart.multipart - Calling on_header_value with data[160:218]
2026-02-25 10:44:15,742 - DEBUG - python_multipart.multipart - Calling on_header_end with no data
2026-02-25 10:44:15,743 - DEBUG - python_multipart.multipart - Calling on_header_field with data[220:232]
2026-02-25 10:44:15,744 - DEBUG - python_multipart.multipart - Calling on_header_value with data[234:249]
2026-02-25 10:44:15,745 - DEBUG - python_multipart.multipart - Calling on_header_end with no data
2026-02-25 10:44:15,745 - DEBUG - python_multipart.multipart - Calling on_headers_finished with no data
2026-02-25 10:44:15,747 - DEBUG - python_multipart.multipart - Calling on_part_data with data[253:98272]
2026-02-25 10:44:15,747 - DEBUG - python_multipart.multipart - Calling on_part_end with no data
2026-02-25 10:44:15,748 - DEBUG - python_multipart.multipart - Calling on_end with no data
2026-02-25 10:44:18,259 - DEBUG - python_multipart.multipart - Calling on_part_begin with no data
2026-02-25 10:44:18,260 - DEBUG - python_multipart.multipart - Calling on_header_field with data[42:61]
2026-02-25 10:44:18,260 - DEBUG - python_multipart.multipart - Calling on_header_value with data[63:85]
2026-02-25 10:44:18,261 - DEBUG - python_multipart.multipart - Calling on_header_end with no data
2026-02-25 10:44:18,261 - DEBUG - python_multipart.multipart - Calling on_headers_finished with no data
2026-02-25 10:44:18,262 - DEBUG - python_multipart.multipart - Calling on_part_data with data[89:95]
2026-02-25 10:44:18,263 - DEBUG - python_multipart.multipart - Calling on_part_end with no data
2026-02-25 10:44:18,264 - DEBUG - python_multipart.multipart - Calling on_part_begin with no data
2026-02-25 10:44:18,265 - DEBUG - python_multipart.multipart - Calling on_header_field with data[139:158]
2026-02-25 10:44:18,265 - DEBUG - python_multipart.multipart - Calling on_header_value with data[160:218]
2026-02-25 10:44:18,266 - DEBUG - python_multipart.multipart - Calling on_header_end with no data
2026-02-25 10:44:18,267 - DEBUG - python_multipart.multipart - Calling on_header_field with data[220:232]
2026-02-25 10:44:18,268 - DEBUG - python_multipart.multipart - Calling on_header_value with data[234:249]
2026-02-25 10:44:18,268 - DEBUG - python_multipart.multipart - Calling on_header_end with no data
2026-02-25 10:44:18,269 - DEBUG - python_multipart.multipart - Calling on_headers_finished with no data
2026-02-25 10:44:18,270 - DEBUG - python_multipart.multipart - Calling on_part_data with data[253:98272]
2026-02-25 10:44:18,270 - DEBUG - python_multipart.multipart - Calling on_part_end with no data
2026-02-25 10:44:18,271 - DEBUG - python_multipart.multipart - Calling on_end with no data
2026-02-25 10:45:06,771 - DEBUG - python_multipart.multipart - Calling on_part_begin with no data
2026-02-25 10:45:06,771 - DEBUG - python_multipart.multipart - Calling on_header_field with data[42:61]
2026-02-25 10:45:06,772 - DEBUG - python_multipart.multipart - Calling on_header_value with data[63:85]
2026-02-25 10:45:06,773 - DEBUG - python_multipart.multipart - Calling on_header_end with no data
2026-02-25 10:45:06,773 - DEBUG - python_multipart.multipart - Calling on_headers_finished with no data
2026-02-25 10:45:06,774 - DEBUG - python_multipart.multipart - Calling on_part_data with data[89:95]
2026-02-25 10:45:06,775 - DEBUG - python_multipart.multipart - Calling on_part_end with no data
2026-02-25 10:45:06,775 - DEBUG - python_multipart.multipart - Calling on_part_begin with no data
2026-02-25 10:45:06,776 - DEBUG - python_multipart.multipart - Calling on_header_field with data[139:158]
2026-02-25 10:45:06,776 - DEBUG - python_multipart.multipart - Calling on_header_value with data[160:218]
2026-02-25 10:45:06,777 - DEBUG - python_multipart.multipart - Calling on_header_end with no data
2026-02-25 10:45:06,777 - DEBUG - python_multipart.multipart - Calling on_header_field with data[220:232]
2026-02-25 10:45:06,778 - DEBUG - python_multipart.multipart - Calling on_header_value with data[234:249]
2026-02-25 10:45:06,778 - DEBUG - python_multipart.multipart - Calling on_header_end with no data
2026-02-25 10:45:06,779 - DEBUG - python_multipart.multipart - Calling on_headers_finished with no data
2026-02-25 10:45:06,780 - DEBUG - python_multipart.multipart - Calling on_part_data with data[253:98272]
2026-02-25 10:45:06,781 - DEBUG - python_multipart.multipart - Calling on_part_end with no data
2026-02-25 10:45:06,783 - DEBUG - python_multipart.multipart - Calling on_end with no data
2026-02-25 10:45:38,378 - DEBUG - python_multipart.multipart - Calling on_part_begin with no data
2026-02-25 10:45:38,379 - DEBUG - python_multipart.multipart - Calling on_header_field with data[42:61]
2026-02-25 10:45:38,379 - DEBUG - python_multipart.multipart - Calling on_header_value with data[63:85]
2026-02-25 10:45:38,380 - DEBUG - python_multipart.multipart - Calling on_header_end with no data
2026-02-25 10:45:38,381 - DEBUG - python_multipart.multipart - Calling on_headers_finished with no data
2026-02-25 10:45:38,381 - DEBUG - python_multipart.multipart - Calling on_part_data with data[89:95]
2026-02-25 10:45:38,382 - DEBUG - python_multipart.multipart - Calling on_part_end with no data
2026-02-25 10:45:38,383 - DEBUG - python_multipart.multipart - Calling on_part_begin with no data
2026-02-25 10:45:38,384 - DEBUG - python_multipart.multipart - Calling on_header_field with data[139:158]
2026-02-25 10:45:38,385 - DEBUG - python_multipart.multipart - Calling on_header_value with data[160:218]
2026-02-25 10:45:38,385 - DEBUG - python_multipart.multipart - Calling on_header_end with no data
2026-02-25 10:45:38,386 - DEBUG - python_multipart.multipart - Calling on_header_field with data[220:232]
2026-02-25 10:45:38,387 - DEBUG - python_multipart.multipart - Calling on_header_value with data[234:249]
2026-02-25 10:45:38,387 - DEBUG - python_multipart.multipart - Calling on_header_end with no data
2026-02-25 10:45:38,388 - DEBUG - python_multipart.multipart - Calling on_headers_finished with no data
2026-02-25 10:45:38,389 - DEBUG - python_multipart.multipart - Calling on_part_data with data[253:98272]
2026-02-25 10:45:38,390 - DEBUG - python_multipart.multipart - Calling on_part_end with no data
2026-02-25 10:45:38,391 - DEBUG - python_multipart.multipart - Calling on_end with no data
2026-02-25 10:45:38,407 - DEBUG - celery.utils.functional - 
def analyse_pdf_task(self, payload):
    return 1

2026-02-25 10:48:56,879 - DEBUG - python_multipart.multipart - Calling on_part_begin with no data
2026-02-25 10:48:56,880 - DEBUG - python_multipart.multipart - Calling on_header_field with data[42:61]
2026-02-25 10:48:56,881 - DEBUG - python_multipart.multipart - Calling on_header_value with data[63:85]
2026-02-25 10:48:56,882 - DEBUG - python_multipart.multipart - Calling on_header_end with no data
2026-02-25 10:48:56,882 - DEBUG - python_multipart.multipart - Calling on_headers_finished with no data
2026-02-25 10:48:56,883 - DEBUG - python_multipart.multipart - Calling on_part_data with data[89:95]
2026-02-25 10:48:56,884 - DEBUG - python_multipart.multipart - Calling on_part_end with no data
2026-02-25 10:48:56,884 - DEBUG - python_multipart.multipart - Calling on_part_begin with no data
2026-02-25 10:48:56,885 - DEBUG - python_multipart.multipart - Calling on_header_field with data[139:158]
2026-02-25 10:48:56,886 - DEBUG - python_multipart.multipart - Calling on_header_value with data[160:218]
2026-02-25 10:48:56,887 - DEBUG - python_multipart.multipart - Calling on_header_end with no data
2026-02-25 10:48:56,888 - DEBUG - python_multipart.multipart - Calling on_header_field with data[220:232]
2026-02-25 10:48:56,888 - DEBUG - python_multipart.multipart - Calling on_header_value with data[234:249]
2026-02-25 10:48:56,889 - DEBUG - python_multipart.multipart - Calling on_header_end with no data
2026-02-25 10:48:56,890 - DEBUG - python_multipart.multipart - Calling on_headers_finished with no data
2026-02-25 10:48:56,891 - DEBUG - python_multipart.multipart - Calling on_part_data with data[253:98272]
2026-02-25 10:48:56,892 - DEBUG - python_multipart.multipart - Calling on_part_end with no data
2026-02-25 10:48:56,892 - DEBUG - python_multipart.multipart - Calling on_end with no data
2026-02-25 10:48:56,911 - DEBUG - celery.utils.functional - 
def analyse_pdf_task(self, payload):
    return 1

2026-02-25 10:49:31,849 - DEBUG - python_multipart.multipart - Calling on_part_begin with no data
2026-02-25 10:49:31,850 - DEBUG - python_multipart.multipart - Calling on_header_field with data[42:61]
2026-02-25 10:49:31,851 - DEBUG - python_multipart.multipart - Calling on_header_value with data[63:85]
2026-02-25 10:49:31,851 - DEBUG - python_multipart.multipart - Calling on_header_end with no data
2026-02-25 10:49:31,852 - DEBUG - python_multipart.multipart - Calling on_headers_finished with no data
2026-02-25 10:49:31,853 - DEBUG - python_multipart.multipart - Calling on_part_data with data[89:95]
2026-02-25 10:49:31,853 - DEBUG - python_multipart.multipart - Calling on_part_end with no data
2026-02-25 10:49:31,854 - DEBUG - python_multipart.multipart - Calling on_part_begin with no data
2026-02-25 10:49:31,855 - DEBUG - python_multipart.multipart - Calling on_header_field with data[139:158]
2026-02-25 10:49:31,856 - DEBUG - python_multipart.multipart - Calling on_header_value with data[160:218]
2026-02-25 10:49:31,857 - DEBUG - python_multipart.multipart - Calling on_header_end with no data
2026-02-25 10:49:31,858 - DEBUG - python_multipart.multipart - Calling on_header_field with data[220:232]
2026-02-25 10:49:31,859 - DEBUG - python_multipart.multipart - Calling on_header_value with data[234:249]
2026-02-25 10:49:31,859 - DEBUG - python_multipart.multipart - Calling on_header_end with no data
2026-02-25 10:49:31,860 - DEBUG - python_multipart.multipart - Calling on_headers_finished with no data
2026-02-25 10:49:31,862 - DEBUG - python_multipart.multipart - Calling on_part_data with data[253:98272]
2026-02-25 10:49:31,864 - DEBUG - python_multipart.multipart - Calling on_part_end with no data
2026-02-25 10:49:31,865 - DEBUG - python_multipart.multipart - Calling on_end with no data
2026-02-25 10:49:31,884 - DEBUG - celery.utils.functional - 
def analyse_pdf_task(self, payload):
    return 1

2026-02-25 10:58:09,254 - DEBUG - python_multipart.multipart - Calling on_part_begin with no data
2026-02-25 10:58:09,255 - DEBUG - python_multipart.multipart - Calling on_header_field with data[42:61]
2026-02-25 10:58:09,256 - DEBUG - python_multipart.multipart - Calling on_header_value with data[63:85]
2026-02-25 10:58:09,257 - DEBUG - python_multipart.multipart - Calling on_header_end with no data
2026-02-25 10:58:09,258 - DEBUG - python_multipart.multipart - Calling on_headers_finished with no data
2026-02-25 10:58:09,258 - DEBUG - python_multipart.multipart - Calling on_part_data with data[89:95]
2026-02-25 10:58:09,259 - DEBUG - python_multipart.multipart - Calling on_part_end with no data
2026-02-25 10:58:09,260 - DEBUG - python_multipart.multipart - Calling on_part_begin with no data
2026-02-25 10:58:09,261 - DEBUG - python_multipart.multipart - Calling on_header_field with data[139:158]
2026-02-25 10:58:09,261 - DEBUG - python_multipart.multipart - Calling on_header_value with data[160:218]
2026-02-25 10:58:09,262 - DEBUG - python_multipart.multipart - Calling on_header_end with no data
2026-02-25 10:58:09,263 - DEBUG - python_multipart.multipart - Calling on_header_field with data[220:232]
2026-02-25 10:58:09,264 - DEBUG - python_multipart.multipart - Calling on_header_value with data[234:249]
2026-02-25 10:58:09,266 - DEBUG - python_multipart.multipart - Calling on_header_end with no data
2026-02-25 10:58:09,267 - DEBUG - python_multipart.multipart - Calling on_headers_finished with no data
2026-02-25 10:58:09,268 - DEBUG - python_multipart.multipart - Calling on_part_data with data[253:81920]
2026-02-25 10:58:09,269 - DEBUG - python_multipart.multipart - Calling on_part_data with data[0:16352]
2026-02-25 10:58:09,270 - DEBUG - python_multipart.multipart - Calling on_part_end with no data
2026-02-25 10:58:09,271 - DEBUG - python_multipart.multipart - Calling on_end with no data
2026-02-25 10:58:09,276 - DEBUG - app.routes.user.user_routes.v1.routes - Pdf task started
2026-02-25 10:58:09,292 - DEBUG - celery.utils.functional - 
def analyse_pdf_task(self, payload):
    return 1

2026-02-25 10:58:15,908 - DEBUG - app.routes.user.user_routes.v1.routes - Pdf Task finished
2026-02-25 11:02:32,041 - DEBUG - python_multipart.multipart - Calling on_part_begin with no data
2026-02-25 11:02:32,043 - DEBUG - python_multipart.multipart - Calling on_header_field with data[42:61]
2026-02-25 11:02:32,044 - DEBUG - python_multipart.multipart - Calling on_header_value with data[63:85]
2026-02-25 11:02:32,045 - DEBUG - python_multipart.multipart - Calling on_header_end with no data
2026-02-25 11:02:32,046 - DEBUG - python_multipart.multipart - Calling on_headers_finished with no data
2026-02-25 11:02:32,047 - DEBUG - python_multipart.multipart - Calling on_part_data with data[89:95]
2026-02-25 11:02:32,048 - DEBUG - python_multipart.multipart - Calling on_part_end with no data
2026-02-25 11:02:32,048 - DEBUG - python_multipart.multipart - Calling on_part_begin with no data
2026-02-25 11:02:32,050 - DEBUG - python_multipart.multipart - Calling on_header_field with data[139:158]
2026-02-25 11:02:32,052 - DEBUG - python_multipart.multipart - Calling on_header_value with data[160:218]
2026-02-25 11:02:32,052 - DEBUG - python_multipart.multipart - Calling on_header_end with no data
2026-02-25 11:02:32,053 - DEBUG - python_multipart.multipart - Calling on_header_field with data[220:232]
2026-02-25 11:02:32,054 - DEBUG - python_multipart.multipart - Calling on_header_value with data[234:249]
2026-02-25 11:02:32,054 - DEBUG - python_multipart.multipart - Calling on_header_end with no data
2026-02-25 11:02:32,055 - DEBUG - python_multipart.multipart - Calling on_headers_finished with no data
2026-02-25 11:02:32,056 - DEBUG - python_multipart.multipart - Calling on_part_data with data[253:98272]
2026-02-25 11:02:32,057 - DEBUG - python_multipart.multipart - Calling on_part_end with no data
2026-02-25 11:02:32,058 - DEBUG - python_multipart.multipart - Calling on_end with no data
2026-02-25 11:02:32,062 - DEBUG - app.routes.user.user_routes.v1.routes - Pdf task started
2026-02-25 11:02:32,077 - DEBUG - celery.utils.functional - 
def analyse_pdf_task(self, payload):
    return 1

2026-02-25 11:02:38,641 - DEBUG - app.routes.user.user_routes.v1.routes - Pdf Task finished
2026-02-25 11:17:06,846 - DEBUG - python_multipart.multipart - Calling on_part_begin with no data
2026-02-25 11:17:06,848 - DEBUG - python_multipart.multipart - Calling on_header_field with data[42:61]
2026-02-25 11:17:06,849 - DEBUG - python_multipart.multipart - Calling on_header_value with data[63:85]
2026-02-25 11:17:06,849 - DEBUG - python_multipart.multipart - Calling on_header_end with no data
2026-02-25 11:17:06,850 - DEBUG - python_multipart.multipart - Calling on_headers_finished with no data
2026-02-25 11:17:06,850 - DEBUG - python_multipart.multipart - Calling on_part_data with data[89:95]
2026-02-25 11:17:06,851 - DEBUG - python_multipart.multipart - Calling on_part_end with no data
2026-02-25 11:17:06,852 - DEBUG - python_multipart.multipart - Calling on_part_begin with no data
2026-02-25 11:17:06,853 - DEBUG - python_multipart.multipart - Calling on_header_field with data[139:158]
2026-02-25 11:17:06,855 - DEBUG - python_multipart.multipart - Calling on_header_value with data[160:218]
2026-02-25 11:17:06,856 - DEBUG - python_multipart.multipart - Calling on_header_end with no data
2026-02-25 11:17:06,857 - DEBUG - python_multipart.multipart - Calling on_header_field with data[220:232]
2026-02-25 11:17:06,857 - DEBUG - python_multipart.multipart - Calling on_header_value with data[234:249]
2026-02-25 11:17:06,858 - DEBUG - python_multipart.multipart - Calling on_header_end with no data
2026-02-25 11:17:06,860 - DEBUG - python_multipart.multipart - Calling on_headers_finished with no data
2026-02-25 11:17:06,861 - DEBUG - python_multipart.multipart - Calling on_part_data with data[253:98272]
2026-02-25 11:17:06,862 - DEBUG - python_multipart.multipart - Calling on_part_end with no data
2026-02-25 11:17:06,863 - DEBUG - python_multipart.multipart - Calling on_end with no data
2026-02-25 11:17:06,869 - DEBUG - app.routes.user.user_routes.v1.routes - Pdf task started
2026-02-25 11:17:06,886 - DEBUG - celery.utils.functional - 
def analyse_pdf_task(self, payload):
    return 1

2026-02-25 11:17:13,435 - DEBUG - app.routes.user.user_routes.v1.routes - Pdf Task finished
2026-02-25 11:25:45,619 - DEBUG - python_multipart.multipart - Calling on_part_begin with no data
2026-02-25 11:25:45,621 - DEBUG - python_multipart.multipart - Calling on_header_field with data[42:61]
2026-02-25 11:25:45,621 - DEBUG - python_multipart.multipart - Calling on_header_value with data[63:85]
2026-02-25 11:25:45,622 - DEBUG - python_multipart.multipart - Calling on_header_end with no data
2026-02-25 11:25:45,623 - DEBUG - python_multipart.multipart - Calling on_headers_finished with no data
2026-02-25 11:25:45,624 - DEBUG - python_multipart.multipart - Calling on_part_data with data[89:95]
2026-02-25 11:25:45,625 - DEBUG - python_multipart.multipart - Calling on_part_end with no data
2026-02-25 11:25:45,625 - DEBUG - python_multipart.multipart - Calling on_part_begin with no data
2026-02-25 11:25:45,627 - DEBUG - python_multipart.multipart - Calling on_header_field with data[139:158]
2026-02-25 11:25:45,628 - DEBUG - python_multipart.multipart - Calling on_header_value with data[160:218]
2026-02-25 11:25:45,629 - DEBUG - python_multipart.multipart - Calling on_header_end with no data
2026-02-25 11:25:45,630 - DEBUG - python_multipart.multipart - Calling on_header_field with data[220:232]
2026-02-25 11:25:45,632 - DEBUG - python_multipart.multipart - Calling on_header_value with data[234:249]
2026-02-25 11:25:45,633 - DEBUG - python_multipart.multipart - Calling on_header_end with no data
2026-02-25 11:25:45,634 - DEBUG - python_multipart.multipart - Calling on_headers_finished with no data
2026-02-25 11:25:45,635 - DEBUG - python_multipart.multipart - Calling on_part_data with data[253:98272]
2026-02-25 11:25:45,635 - DEBUG - python_multipart.multipart - Calling on_part_end with no data
2026-02-25 11:25:45,636 - DEBUG - python_multipart.multipart - Calling on_end with no data
2026-02-25 11:25:45,641 - DEBUG - app.routes.user.user_routes.v1.routes - Pdf task started
2026-02-25 11:25:52,236 - DEBUG - app.routes.user.user_routes.v1.routes - Pdf Task finished
2026-02-25 11:27:05,548 - DEBUG - app.routes.user.user_routes.v1.routes - Pdf task started
2026-02-25 11:27:12,139 - DEBUG - app.routes.user.user_routes.v1.routes - Pdf Task finished
2026-02-25 11:33:10,827 - DEBUG - app.routes.user.user_routes.v1.routes - Pdf task started
2026-02-25 11:33:10,833 - DEBUG - app.routes.user.user_routes.v1.routes - Pdf Task finished
2026-02-25 11:33:12,088 - DEBUG - app.routes.user.user_routes.v1.routes - Pdf task started
2026-02-25 11:33:12,100 - DEBUG - app.routes.user.user_routes.v1.routes - Pdf Task finished
2026-02-25 11:34:59,091 - DEBUG - app.routes.user.user_routes.v1.routes - Pdf task started
2026-02-25 11:34:59,097 - DEBUG - app.routes.user.user_routes.v1.routes - Pdf Task finished
2026-02-25 11:37:09,811 - DEBUG - app.routes.user.user_routes.v1.routes - Pdf task started
2026-02-25 11:37:16,251 - DEBUG - app.routes.user.user_routes.v1.routes - Pdf Task finished
2026-02-25 12:51:44,115 - DEBUG - app.routes.user.user_routes.v1.routes - Pdf task started
2026-02-25 12:51:50,551 - DEBUG - app.routes.user.user_routes.v1.routes - Pdf Task finished
2026-02-25 12:52:31,477 - DEBUG - app.routes.user.user_routes.v1.routes - Pdf task started
2026-02-25 12:52:31,480 - DEBUG - app.routes.user.user_routes.v1.routes - Pdf Task finished
2026-02-25 12:59:15,492 - DEBUG - app.routes.user.user_routes.v1.routes - Pdf task started
2026-02-25 12:59:21,949 - DEBUG - app.routes.user.user_routes.v1.routes - Pdf Task finished
2026-02-25 14:42:02,268 - DEBUG - app.routes.user.user_routes.v1.routes - Pdf task started
2026-02-25 14:42:08,861 - DEBUG - app.routes.user.user_routes.v1.routes - Pdf Task finished
2026-02-25 14:44:06,459 - DEBUG - app.routes.user.user_routes.v1.routes - Pdf task started
2026-02-25 14:44:12,722 - DEBUG - app.routes.user.user_routes.v1.routes - Pdf Task finished
2026-02-25 14:46:58,435 - DEBUG - app.routes.user.user_routes.v1.routes - Pdf task started
2026-02-25 14:47:05,032 - DEBUG - app.routes.user.user_routes.v1.routes - Pdf Task finished
2026-02-25 14:50:30,918 - DEBUG - app.routes.user.user_routes.v1.routes - Pdf task started
2026-02-25 14:50:37,157 - DEBUG - app.routes.user.user_routes.v1.routes - Pdf Task finished
2026-02-25 14:52:51,561 - DEBUG - app.routes.user.user_routes.v1.routes - Pdf task started
2026-02-25 14:52:51,570 - DEBUG - app.routes.user.user_routes.v1.routes - Pdf Task finished
2026-02-25 15:07:49,547 - DEBUG - app.routes.user.user_routes.v1.routes - Pdf task started
2026-02-25 15:07:56,101 - DEBUG - app.routes.user.user_routes.v1.routes - Pdf Task finished
2026-02-25 15:14:12,682 - DEBUG - app.routes.user.user_routes.v1.routes - Pdf task started
2026-02-25 15:14:19,688 - DEBUG - app.routes.user.user_routes.v1.routes - Pdf Task finished
2026-02-25 15:22:01,056 - DEBUG - app.routes.user.user_routes.v1.routes - Pdf task started
2026-02-25 15:22:01,073 - DEBUG - app.routes.user.user_routes.v1.routes - Pdf Task finished
2026-02-25 15:23:23,057 - DEBUG - app.routes.user.user_routes.v1.routes - Pdf task started
2026-02-25 15:23:29,695 - DEBUG - app.routes.user.user_routes.v1.routes - Pdf Task finished
2026-02-25 15:24:24,449 - DEBUG - app.routes.user.user_routes.v1.routes - Pdf task started
2026-02-25 15:24:24,457 - DEBUG - app.routes.user.user_routes.v1.routes - Pdf Task finished
2026-02-25 15:24:27,176 - DEBUG - app.routes.user.user_routes.v1.routes - Pdf task started
2026-02-25 15:24:27,186 - DEBUG - app.routes.user.user_routes.v1.routes - Pdf Task finished
2026-02-25 15:29:03,479 - DEBUG - app.routes.user.user_routes.v1.routes - Pdf task started
2026-02-25 15:29:09,892 - DEBUG - app.routes.user.user_routes.v1.routes - Pdf Task finished
2026-02-25 15:37:28,375 - DEBUG - app.routes.user.user_routes.v1.routes - Pdf task started
2026-02-25 15:37:34,912 - DEBUG - app.routes.user.user_routes.v1.routes - Pdf Task finished
